2026-05-06 08:23:37.644 [main] INFO  [] c.c.t.TransactionServiceApplication - Starting TransactionServiceApplication using Java 21 with PID 35084 (C:\Users\2484911\Downloads\BankSphere_Adv\BankSphere\Transaction-service\target\classes started by 2484911 in C:\Users\2484911\Downloads\BankSphere_Adv\BankSphere)
2026-05-06 08:23:37.701 [main] DEBUG [] c.c.t.TransactionServiceApplication - Running with Spring Boot v3.4.1, Spring v6.2.1
2026-05-06 08:23:37.703 [main] INFO  [] c.c.t.TransactionServiceApplication - The following 1 profile is active: "dev"
2026-05-06 08:23:39.121 [main] INFO  [] o.s.d.r.c.RepositoryConfigurationDelegate - Bootstrapping Spring Data JPA repositories in DEFAULT mode.
2026-05-06 08:23:39.404 [main] INFO  [] o.s.d.r.c.RepositoryConfigurationDelegate - Finished Spring Data repository scanning in 243 ms. Found 1 JPA repository interface.
2026-05-06 08:23:39.752 [main] INFO  [] o.s.cloud.context.scope.GenericScope - BeanFactory id=3f4a9f07-395e-3ad3-ba8a-66e22b633bf3
2026-05-06 08:23:40.299 [main] INFO  [] o.s.b.w.e.tomcat.TomcatWebServer - Tomcat initialized with port 8082 (http)
2026-05-06 08:23:40.319 [main] INFO  [] o.a.catalina.core.StandardService - Starting service [Tomcat]
2026-05-06 08:23:40.320 [main] INFO  [] o.a.catalina.core.StandardEngine - Starting Servlet engine: [Apache Tomcat/10.1.34]
2026-05-06 08:23:40.504 [main] INFO  [] o.a.c.c.C.[Tomcat].[localhost].[/] - Initializing Spring embedded WebApplicationContext
2026-05-06 08:23:40.505 [main] INFO  [] o.s.b.w.s.c.ServletWebServerApplicationContext - Root WebApplicationContext: initialization completed in 2724 ms
2026-05-06 08:23:40.876 [main] INFO  [] o.h.jpa.internal.util.LogHelper - HHH000204: Processing PersistenceUnitInfo [name: default]
2026-05-06 08:23:40.985 [main] INFO  [] org.hibernate.Version - HHH000412: Hibernate ORM core version 6.6.4.Final
2026-05-06 08:23:41.056 [main] INFO  [] o.h.c.i.RegionFactoryInitiator - HHH000026: Second-level cache disabled
2026-05-06 08:23:41.537 [main] INFO  [] o.s.o.j.p.SpringPersistenceUnitInfo - No LoadTimeWeaver setup: ignoring JPA class transformer
2026-05-06 08:23:41.582 [main] INFO  [] com.zaxxer.hikari.HikariDataSource - TransactionHikariPool - Starting...
2026-05-06 08:23:41.852 [main] INFO  [] com.zaxxer.hikari.pool.HikariPool - TransactionHikariPool - Added connection com.mysql.cj.jdbc.ConnectionImpl@731ab49b
2026-05-06 08:23:41.855 [main] INFO  [] com.zaxxer.hikari.HikariDataSource - TransactionHikariPool - Start completed.
2026-05-06 08:23:41.912 [main] WARN  [] org.hibernate.orm.deprecation - HHH90000025: MySQLDialect does not need to be specified explicitly using 'hibernate.dialect' (remove the property setting and it will be selected by default)
2026-05-06 08:23:41.939 [main] INFO  [] o.hibernate.orm.connections.pooling - HHH10001005: Database info:
	Database JDBC URL [Connecting through datasource 'HikariDataSource (TransactionHikariPool)']
	Database driver: undefined/unknown
	Database version: 8.0.44
	Autocommit mode: undefined/unknown
	Isolation level: undefined/unknown
	Minimum pool size: undefined/unknown
	Maximum pool size: undefined/unknown
2026-05-06 08:23:41.951 [main] DEBUG [] o.h.t.d.sql.spi.DdlTypeRegistry - addDescriptor(12, org.hibernate.type.descriptor.sql.internal.CapacityDependentDdlType@f08f8a9) replaced previous registration(org.hibernate.type.descriptor.sql.internal.CapacityDependentDdlType@5ebf776c)
2026-05-06 08:23:41.951 [main] DEBUG [] o.h.t.d.sql.spi.DdlTypeRegistry - addDescriptor(-9, org.hibernate.type.descriptor.sql.internal.CapacityDependentDdlType@7fd3fd06) replaced previous registration(org.hibernate.type.descriptor.sql.internal.CapacityDependentDdlType@54ae1240)
2026-05-06 08:23:41.951 [main] DEBUG [] o.h.t.d.sql.spi.DdlTypeRegistry - addDescriptor(-3, org.hibernate.type.descriptor.sql.internal.CapacityDependentDdlType@1c2b65cc) replaced previous registration(org.hibernate.type.descriptor.sql.internal.CapacityDependentDdlType@390a7532)
2026-05-06 08:23:41.951 [main] DEBUG [] o.h.t.d.sql.spi.DdlTypeRegistry - addDescriptor(4003, org.hibernate.type.descriptor.sql.internal.DdlTypeImpl@595184d8) replaced previous registration(org.hibernate.type.descriptor.sql.internal.DdlTypeImpl@7d49a1a0)
2026-05-06 08:23:41.952 [main] DEBUG [] o.h.t.d.sql.spi.DdlTypeRegistry - addDescriptor(4001, org.hibernate.type.descriptor.sql.internal.DdlTypeImpl@3a0baec0) replaced previous registration(org.hibernate.type.descriptor.sql.internal.DdlTypeImpl@50c2ef56)
2026-05-06 08:23:41.952 [main] DEBUG [] o.h.t.d.sql.spi.DdlTypeRegistry - addDescriptor(4002, org.hibernate.type.descriptor.sql.internal.DdlTypeImpl@560d6d2) replaced previous registration(org.hibernate.type.descriptor.sql.internal.DdlTypeImpl@3514237f)
2026-05-06 08:23:41.952 [main] DEBUG [] o.h.t.d.sql.spi.DdlTypeRegistry - addDescriptor(2004, org.hibernate.type.descriptor.sql.internal.CapacityDependentDdlType@520ee6b3) replaced previous registration(org.hibernate.type.descriptor.sql.internal.DdlTypeImpl@15f11bfb)
2026-05-06 08:23:41.952 [main] DEBUG [] o.h.t.d.sql.spi.DdlTypeRegistry - addDescriptor(2005, org.hibernate.type.descriptor.sql.internal.CapacityDependentDdlType@16a499d1) replaced previous registration(org.hibernate.type.descriptor.sql.internal.DdlTypeImpl@2bf4fa1)
2026-05-06 08:23:41.952 [main] DEBUG [] o.h.t.d.sql.spi.DdlTypeRegistry - addDescriptor(2011, org.hibernate.type.descriptor.sql.internal.CapacityDependentDdlType@27210a3b) replaced previous registration(org.hibernate.type.descriptor.sql.internal.DdlTypeImpl@3a12f3e7)
2026-05-06 08:23:43.477 [main] INFO  [] o.h.e.t.j.p.i.JtaPlatformInitiator - HHH000489: No JTA platform available (set 'hibernate.transaction.jta.platform' to enable JTA platform integration)
2026-05-06 08:23:43.603 [main] DEBUG [] org.hibernate.SQL - 
    alter table transactions 
       modify column channel enum ('API','ATM','BRANCH','MOBILE_APP','NET_BANKING','UPI')
2026-05-06 08:23:43.627 [main] DEBUG [] org.hibernate.SQL - 
    alter table transactions 
       modify column status enum ('CANCELLED','FAILED','ON_HOLD','PENDING','PROCESSING','REVERSED','SUCCESS','TIMED_OUT') not null
2026-05-06 08:23:43.645 [main] DEBUG [] org.hibernate.SQL - 
    alter table transactions 
       modify column transaction_type enum ('DEPOSIT','FEE','INTEREST','PAYMENT','REFUND','REVERSAL','TRANSFER','WITHDRAWAL') not null
2026-05-06 08:23:43.690 [main] INFO  [] o.s.o.j.LocalContainerEntityManagerFactoryBean - Initialized JPA EntityManagerFactory for persistence unit 'default'
2026-05-06 08:23:44.262 [main] INFO  [] o.s.d.j.r.query.QueryEnhancerFactory - Hibernate is in classpath; If applicable, HQL parser will be used.
2026-05-06 08:23:47.477 [main] INFO  [] o.s.c.n.e.c.DiscoveryClientOptionalArgsConfiguration - Eureka HTTP Client uses RestTemplate.
2026-05-06 08:23:47.533 [main] WARN  [] o.s.c.l.c.LoadBalancerCacheAutoConfiguration$LoadBalancerCaffeineWarnLogger - Spring Cloud LoadBalancer is currently working with the default cache. While this cache implementation is useful for development and tests, it's recommended to use Caffeine cache in production.You can switch to using Caffeine cache, by adding it and org.springframework.cache.caffeine.CaffeineCacheManager to the classpath.
2026-05-06 08:23:47.567 [main] INFO  [] o.s.c.n.eureka.InstanceInfoFactory - Setting initial instance status as: STARTING
2026-05-06 08:23:47.604 [main] INFO  [] c.netflix.discovery.DiscoveryClient - Initializing Eureka in region us-east-1
2026-05-06 08:23:47.612 [main] INFO  [] c.n.d.s.r.aws.ConfigClusterResolver - Resolving eureka endpoints via configuration
2026-05-06 08:23:47.628 [main] INFO  [] c.netflix.discovery.DiscoveryClient - Disable delta property : false
2026-05-06 08:23:47.628 [main] INFO  [] c.netflix.discovery.DiscoveryClient - Single vip registry refresh property : null
2026-05-06 08:23:47.628 [main] INFO  [] c.netflix.discovery.DiscoveryClient - Force full registry fetch : false
2026-05-06 08:23:47.628 [main] INFO  [] c.netflix.discovery.DiscoveryClient - Application is null : false
2026-05-06 08:23:47.629 [main] INFO  [] c.netflix.discovery.DiscoveryClient - Registered Applications size is zero : true
2026-05-06 08:23:47.629 [main] INFO  [] c.netflix.discovery.DiscoveryClient - Application version is -1: true
2026-05-06 08:23:47.629 [main] INFO  [] c.netflix.discovery.DiscoveryClient - Getting all instance registry info from the eureka server
2026-05-06 08:23:48.205 [main] INFO  [] c.netflix.discovery.DiscoveryClient - The response status is 200
2026-05-06 08:23:48.208 [main] INFO  [] c.netflix.discovery.DiscoveryClient - Starting heartbeat executor: renew interval is: 30
2026-05-06 08:23:48.211 [main] INFO  [] c.n.discovery.InstanceInfoReplicator - InstanceInfoReplicator onDemand update allowed rate per min is 4
2026-05-06 08:23:48.214 [main] INFO  [] c.netflix.discovery.DiscoveryClient - Discovery Client initialized at timestamp 1778036028212 with initial instances count: 2
2026-05-06 08:23:48.218 [main] INFO  [] o.s.c.n.e.s.EurekaServiceRegistry - Registering application TRANSACTION-SERVICE with eureka with status UP
2026-05-06 08:23:48.219 [main] INFO  [] c.netflix.discovery.DiscoveryClient - Saw local status change event StatusChangeEvent [timestamp=1778036028219, current=UP, previous=STARTING]
2026-05-06 08:23:48.222 [DiscoveryClient-InstanceInfoReplicator-%d] INFO  [] c.netflix.discovery.DiscoveryClient - DiscoveryClient_TRANSACTION-SERVICE/Transaction-service:8082: registering service...
2026-05-06 08:23:48.262 [main] INFO  [] o.s.b.w.e.tomcat.TomcatWebServer - Tomcat started on port 8082 (http) with context path '/'
2026-05-06 08:23:48.263 [main] INFO  [] o.s.c.n.e.s.EurekaAutoServiceRegistration - Updating port to 8082
2026-05-06 08:23:48.284 [main] INFO  [] c.c.t.TransactionServiceApplication - Started TransactionServiceApplication in 11.622 seconds (process running for 12.648)
2026-05-06 08:23:48.287 [DiscoveryClient-InstanceInfoReplicator-%d] INFO  [] c.netflix.discovery.DiscoveryClient - DiscoveryClient_TRANSACTION-SERVICE/Transaction-service:8082 - registration status: 204
2026-05-06 08:24:21.791 [http-nio-8082-exec-1] INFO  [] o.a.c.c.C.[Tomcat].[localhost].[/] - Initializing Spring DispatcherServlet 'dispatcherServlet'
2026-05-06 08:24:23.050 [http-nio-8082-exec-3] INFO  [] o.s.api.AbstractOpenApiResource - Init duration for springdoc-openapi is: 1028 ms
2026-05-06 08:28:47.642 [AsyncResolver-bootstrap-executor-%d] INFO  [] c.n.d.s.r.aws.ConfigClusterResolver - Resolving eureka endpoints via configuration
2026-05-06 08:33:47.645 [AsyncResolver-bootstrap-executor-%d] INFO  [] c.n.d.s.r.aws.ConfigClusterResolver - Resolving eureka endpoints via configuration
2026-05-06 08:38:47.657 [AsyncResolver-bootstrap-executor-%d] INFO  [] c.n.d.s.r.aws.ConfigClusterResolver - Resolving eureka endpoints via configuration
2026-05-06 08:43:47.665 [AsyncResolver-bootstrap-executor-%d] INFO  [] c.n.d.s.r.aws.ConfigClusterResolver - Resolving eureka endpoints via configuration
2026-05-06 08:48:47.678 [AsyncResolver-bootstrap-executor-%d] INFO  [] c.n.d.s.r.aws.ConfigClusterResolver - Resolving eureka endpoints via configuration
2026-05-06 08:53:47.687 [AsyncResolver-bootstrap-executor-%d] INFO  [] c.n.d.s.r.aws.ConfigClusterResolver - Resolving eureka endpoints via configuration
2026-05-06 08:58:47.702 [AsyncResolver-bootstrap-executor-%d] INFO  [] c.n.d.s.r.aws.ConfigClusterResolver - Resolving eureka endpoints via configuration
2026-05-06 09:03:47.704 [AsyncResolver-bootstrap-executor-%d] INFO  [] c.n.d.s.r.aws.ConfigClusterResolver - Resolving eureka endpoints via configuration
2026-05-06 09:08:47.708 [AsyncResolver-bootstrap-executor-%d] INFO  [] c.n.d.s.r.aws.ConfigClusterResolver - Resolving eureka endpoints via configuration
2026-05-06 09:13:47.734 [AsyncResolver-bootstrap-executor-%d] INFO  [] c.n.d.s.r.aws.ConfigClusterResolver - Resolving eureka endpoints via configuration
2026-05-06 09:18:47.740 [AsyncResolver-bootstrap-executor-%d] INFO  [] c.n.d.s.r.aws.ConfigClusterResolver - Resolving eureka endpoints via configuration
2026-05-06 09:23:47.744 [AsyncResolver-bootstrap-executor-%d] INFO  [] c.n.d.s.r.aws.ConfigClusterResolver - Resolving eureka endpoints via configuration
2026-05-06 09:28:47.766 [AsyncResolver-bootstrap-executor-%d] INFO  [] c.n.d.s.r.aws.ConfigClusterResolver - Resolving eureka endpoints via configuration
2026-05-06 09:33:47.770 [AsyncResolver-bootstrap-executor-%d] INFO  [] c.n.d.s.r.aws.ConfigClusterResolver - Resolving eureka endpoints via configuration
2026-05-06 09:38:47.806 [AsyncResolver-bootstrap-executor-%d] INFO  [] c.n.d.s.r.aws.ConfigClusterResolver - Resolving eureka endpoints via configuration
2026-05-06 09:43:47.810 [AsyncResolver-bootstrap-executor-%d] INFO  [] c.n.d.s.r.aws.ConfigClusterResolver - Resolving eureka endpoints via configuration
2026-05-06 09:48:47.815 [AsyncResolver-bootstrap-executor-%d] INFO  [] c.n.d.s.r.aws.ConfigClusterResolver - Resolving eureka endpoints via configuration
2026-05-06 09:53:47.846 [AsyncResolver-bootstrap-executor-%d] INFO  [] c.n.d.s.r.aws.ConfigClusterResolver - Resolving eureka endpoints via configuration
2026-05-06 09:58:47.860 [AsyncResolver-bootstrap-executor-%d] INFO  [] c.n.d.s.r.aws.ConfigClusterResolver - Resolving eureka endpoints via configuration
2026-05-06 10:03:47.871 [AsyncResolver-bootstrap-executor-%d] INFO  [] c.n.d.s.r.aws.ConfigClusterResolver - Resolving eureka endpoints via configuration
2026-05-06 10:08:47.880 [AsyncResolver-bootstrap-executor-%d] INFO  [] c.n.d.s.r.aws.ConfigClusterResolver - Resolving eureka endpoints via configuration
2026-05-06 10:12:25.807 [TransactionHikariPool housekeeper] WARN  [] com.zaxxer.hikari.pool.HikariPool - TransactionHikariPool - Thread starvation or clock leap detected (housekeeper delta=1m11s971ms417µs700ns).
2026-05-06 10:14:29.876 [AsyncResolver-bootstrap-executor-%d] INFO  [] c.n.d.s.r.aws.ConfigClusterResolver - Resolving eureka endpoints via configuration
2026-05-06 10:19:29.913 [AsyncResolver-bootstrap-executor-%d] INFO  [] c.n.d.s.r.aws.ConfigClusterResolver - Resolving eureka endpoints via configuration
2026-05-06 10:24:29.920 [AsyncResolver-bootstrap-executor-%d] INFO  [] c.n.d.s.r.aws.ConfigClusterResolver - Resolving eureka endpoints via configuration
2026-05-06 10:29:29.953 [AsyncResolver-bootstrap-executor-%d] INFO  [] c.n.d.s.r.aws.ConfigClusterResolver - Resolving eureka endpoints via configuration
2026-05-06 10:34:29.985 [AsyncResolver-bootstrap-executor-%d] INFO  [] c.n.d.s.r.aws.ConfigClusterResolver - Resolving eureka endpoints via configuration
2026-05-06 10:39:30.004 [AsyncResolver-bootstrap-executor-%d] INFO  [] c.n.d.s.r.aws.ConfigClusterResolver - Resolving eureka endpoints via configuration
2026-05-06 10:44:30.010 [AsyncResolver-bootstrap-executor-%d] INFO  [] c.n.d.s.r.aws.ConfigClusterResolver - Resolving eureka endpoints via configuration
2026-05-06 10:49:30.024 [AsyncResolver-bootstrap-executor-%d] INFO  [] c.n.d.s.r.aws.ConfigClusterResolver - Resolving eureka endpoints via configuration
2026-05-06 10:54:30.036 [AsyncResolver-bootstrap-executor-%d] INFO  [] c.n.d.s.r.aws.ConfigClusterResolver - Resolving eureka endpoints via configuration
2026-05-06 10:59:30.043 [AsyncResolver-bootstrap-executor-%d] INFO  [] c.n.d.s.r.aws.ConfigClusterResolver - Resolving eureka endpoints via configuration
2026-05-06 11:04:30.047 [AsyncResolver-bootstrap-executor-%d] INFO  [] c.n.d.s.r.aws.ConfigClusterResolver - Resolving eureka endpoints via configuration
2026-05-06 11:09:30.051 [AsyncResolver-bootstrap-executor-%d] INFO  [] c.n.d.s.r.aws.ConfigClusterResolver - Resolving eureka endpoints via configuration
2026-05-06 11:14:30.060 [AsyncResolver-bootstrap-executor-%d] INFO  [] c.n.d.s.r.aws.ConfigClusterResolver - Resolving eureka endpoints via configuration
2026-05-06 11:19:30.063 [AsyncResolver-bootstrap-executor-%d] INFO  [] c.n.d.s.r.aws.ConfigClusterResolver - Resolving eureka endpoints via configuration
2026-05-06 11:24:30.101 [AsyncResolver-bootstrap-executor-%d] INFO  [] c.n.d.s.r.aws.ConfigClusterResolver - Resolving eureka endpoints via configuration
2026-05-06 11:54:02.398 [TransactionHikariPool housekeeper] WARN  [] com.zaxxer.hikari.pool.HikariPool - TransactionHikariPool - Thread starvation or clock leap detected (housekeeper delta=26m35s304ms630µs900ns).
2026-05-06 11:54:55.968 [TransactionHikariPool housekeeper] WARN  [] com.zaxxer.hikari.pool.HikariPool - TransactionHikariPool - Thread starvation or clock leap detected (housekeeper delta=53s571ms288µs900ns).
2026-05-06 11:55:58.981 [AsyncResolver-bootstrap-executor-%d] INFO  [] c.n.d.s.r.aws.ConfigClusterResolver - Resolving eureka endpoints via configuration
2026-05-06 12:00:58.984 [AsyncResolver-bootstrap-executor-%d] INFO  [] c.n.d.s.r.aws.ConfigClusterResolver - Resolving eureka endpoints via configuration
2026-05-06 12:05:58.994 [AsyncResolver-bootstrap-executor-%d] INFO  [] c.n.d.s.r.aws.ConfigClusterResolver - Resolving eureka endpoints via configuration
2026-05-06 12:10:58.996 [AsyncResolver-bootstrap-executor-%d] INFO  [] c.n.d.s.r.aws.ConfigClusterResolver - Resolving eureka endpoints via configuration
2026-05-06 12:12:35.830 [TransactionHikariPool housekeeper] WARN  [] com.zaxxer.hikari.pool.HikariPool - TransactionHikariPool - Thread starvation or clock leap detected (housekeeper delta=1m39s611ms864µs300ns).
2026-05-06 12:17:08.608 [AsyncResolver-bootstrap-executor-%d] INFO  [] c.n.d.s.r.aws.ConfigClusterResolver - Resolving eureka endpoints via configuration
2026-05-06 12:22:08.619 [AsyncResolver-bootstrap-executor-%d] INFO  [] c.n.d.s.r.aws.ConfigClusterResolver - Resolving eureka endpoints via configuration
2026-05-06 12:27:08.622 [AsyncResolver-bootstrap-executor-%d] INFO  [] c.n.d.s.r.aws.ConfigClusterResolver - Resolving eureka endpoints via configuration
2026-05-06 12:32:20.138 [AsyncResolver-bootstrap-executor-%d] INFO  [] c.n.d.s.r.aws.ConfigClusterResolver - Resolving eureka endpoints via configuration
2026-05-06 12:37:20.148 [AsyncResolver-bootstrap-executor-%d] INFO  [] c.n.d.s.r.aws.ConfigClusterResolver - Resolving eureka endpoints via configuration
2026-05-06 12:42:20.160 [AsyncResolver-bootstrap-executor-%d] INFO  [] c.n.d.s.r.aws.ConfigClusterResolver - Resolving eureka endpoints via configuration
2026-05-06 12:47:20.177 [AsyncResolver-bootstrap-executor-%d] INFO  [] c.n.d.s.r.aws.ConfigClusterResolver - Resolving eureka endpoints via configuration
2026-05-06 12:49:58.093 [http-nio-8082-exec-5] INFO  [] c.c.t.c.TransactionController - POST /api/v1/transactions | type=DEPOSIT | initiatedBy=CUSTOMER
2026-05-06 12:49:58.188 [http-nio-8082-exec-5] INFO  [] c.c.t.s.impl.TransactionServiceImpl - Initiating transaction | type=DEPOSIT | idempotencyKey=IDEMP-DEPOSIT-001
2026-05-06 12:49:58.472 [http-nio-8082-exec-5] DEBUG [] org.hibernate.SQL - 
    /* <criteria> */ select
        t1_0.transaction_id 
    from
        transactions t1_0 
    where
        t1_0.idempotency_key=? 
    limit
        ?
2026-05-06 12:49:58.541 [http-nio-8082-exec-5] DEBUG [] org.hibernate.SQL - 
    /* <criteria> */ select
        t1_0.transaction_id 
    from
        transactions t1_0 
    where
        t1_0.reference_number=? 
    limit
        ?
2026-05-06 12:49:58.609 [http-nio-8082-exec-5] INFO  [] c.c.t.s.impl.TransactionServiceImpl - Transaction persisted | transactionId=0f80cbd5-380d-47e9-8e07-64489f6dd8d5 | referenceNumber=TXN-20260506-187833880
2026-05-06 12:49:58.662 [http-nio-8082-exec-5] DEBUG [] org.hibernate.SQL - 
    /* insert for
        com.cts.transactionservice.model.entity.Transaction */insert 
    into
        transactions (amount, channel, completed_at, created_at, currency, description, device_info, external_reference_id, fee, geolocation, idempotency_key, initiated_by, initiator_ip, last_modified_by, parent_transaction_id, receiver_account_id, receiver_balance_after, reference_number, remarks, sender_account_id, sender_balance_after, status, tax, transaction_type, updated_at, version, transaction_id) 
    values
        (?, ?, ?, ?, ?, ?, ?, ?, ?, ?, ?, ?, ?, ?, ?, ?, ?, ?, ?, ?, ?, ?, ?, ?, ?, ?, ?)
2026-05-06 12:52:20.202 [AsyncResolver-bootstrap-executor-%d] INFO  [] c.n.d.s.r.aws.ConfigClusterResolver - Resolving eureka endpoints via configuration
2026-05-06 12:57:20.212 [AsyncResolver-bootstrap-executor-%d] INFO  [] c.n.d.s.r.aws.ConfigClusterResolver - Resolving eureka endpoints via configuration
2026-05-06 13:02:20.218 [AsyncResolver-bootstrap-executor-%d] INFO  [] c.n.d.s.r.aws.ConfigClusterResolver - Resolving eureka endpoints via configuration
2026-05-06 13:07:20.229 [AsyncResolver-bootstrap-executor-%d] INFO  [] c.n.d.s.r.aws.ConfigClusterResolver - Resolving eureka endpoints via configuration
2026-05-06 13:12:20.246 [AsyncResolver-bootstrap-executor-%d] INFO  [] c.n.d.s.r.aws.ConfigClusterResolver - Resolving eureka endpoints via configuration
2026-05-06 14:07:26.075 [TransactionHikariPool housekeeper] WARN  [] com.zaxxer.hikari.pool.HikariPool - TransactionHikariPool - Thread starvation or clock leap detected (housekeeper delta=54m7s675ms976µs300ns).
2026-05-06 14:10:57.925 [AsyncResolver-bootstrap-executor-%d] INFO  [] c.n.d.s.r.aws.ConfigClusterResolver - Resolving eureka endpoints via configuration
2026-05-06 14:15:57.928 [AsyncResolver-bootstrap-executor-%d] INFO  [] c.n.d.s.r.aws.ConfigClusterResolver - Resolving eureka endpoints via configuration
2026-05-06 14:20:57.935 [AsyncResolver-bootstrap-executor-%d] INFO  [] c.n.d.s.r.aws.ConfigClusterResolver - Resolving eureka endpoints via configuration
2026-05-06 14:25:57.947 [AsyncResolver-bootstrap-executor-%d] INFO  [] c.n.d.s.r.aws.ConfigClusterResolver - Resolving eureka endpoints via configuration
2026-05-06 14:30:57.958 [AsyncResolver-bootstrap-executor-%d] INFO  [] c.n.d.s.r.aws.ConfigClusterResolver - Resolving eureka endpoints via configuration
2026-05-06 14:35:57.963 [AsyncResolver-bootstrap-executor-%d] INFO  [] c.n.d.s.r.aws.ConfigClusterResolver - Resolving eureka endpoints via configuration
2026-05-06 14:40:57.974 [AsyncResolver-bootstrap-executor-%d] INFO  [] c.n.d.s.r.aws.ConfigClusterResolver - Resolving eureka endpoints via configuration
2026-05-06 14:45:57.989 [AsyncResolver-bootstrap-executor-%d] INFO  [] c.n.d.s.r.aws.ConfigClusterResolver - Resolving eureka endpoints via configuration
2026-05-06 14:50:57.993 [AsyncResolver-bootstrap-executor-%d] INFO  [] c.n.d.s.r.aws.ConfigClusterResolver - Resolving eureka endpoints via configuration
2026-05-06 14:55:58.001 [AsyncResolver-bootstrap-executor-%d] INFO  [] c.n.d.s.r.aws.ConfigClusterResolver - Resolving eureka endpoints via configuration
2026-05-06 15:00:58.016 [AsyncResolver-bootstrap-executor-%d] INFO  [] c.n.d.s.r.aws.ConfigClusterResolver - Resolving eureka endpoints via configuration
2026-05-06 15:05:58.031 [AsyncResolver-bootstrap-executor-%d] INFO  [] c.n.d.s.r.aws.ConfigClusterResolver - Resolving eureka endpoints via configuration
2026-05-06 15:10:58.043 [AsyncResolver-bootstrap-executor-%d] INFO  [] c.n.d.s.r.aws.ConfigClusterResolver - Resolving eureka endpoints via configuration
2026-05-06 15:15:58.056 [AsyncResolver-bootstrap-executor-%d] INFO  [] c.n.d.s.r.aws.ConfigClusterResolver - Resolving eureka endpoints via configuration
2026-05-06 15:20:58.072 [AsyncResolver-bootstrap-executor-%d] INFO  [] c.n.d.s.r.aws.ConfigClusterResolver - Resolving eureka endpoints via configuration
2026-05-06 15:25:58.105 [AsyncResolver-bootstrap-executor-%d] INFO  [] c.n.d.s.r.aws.ConfigClusterResolver - Resolving eureka endpoints via configuration
2026-05-06 15:30:58.130 [AsyncResolver-bootstrap-executor-%d] INFO  [] c.n.d.s.r.aws.ConfigClusterResolver - Resolving eureka endpoints via configuration
2026-05-06 15:35:58.134 [AsyncResolver-bootstrap-executor-%d] INFO  [] c.n.d.s.r.aws.ConfigClusterResolver - Resolving eureka endpoints via configuration
2026-05-06 15:40:58.165 [AsyncResolver-bootstrap-executor-%d] INFO  [] c.n.d.s.r.aws.ConfigClusterResolver - Resolving eureka endpoints via configuration
2026-05-06 15:45:58.197 [AsyncResolver-bootstrap-executor-%d] INFO  [] c.n.d.s.r.aws.ConfigClusterResolver - Resolving eureka endpoints via configuration
2026-05-06 15:50:58.213 [AsyncResolver-bootstrap-executor-%d] INFO  [] c.n.d.s.r.aws.ConfigClusterResolver - Resolving eureka endpoints via configuration
2026-05-06 15:55:58.226 [AsyncResolver-bootstrap-executor-%d] INFO  [] c.n.d.s.r.aws.ConfigClusterResolver - Resolving eureka endpoints via configuration
2026-05-06 16:02:09.390 [TransactionHikariPool housekeeper] WARN  [] com.zaxxer.hikari.pool.HikariPool - TransactionHikariPool - Thread starvation or clock leap detected (housekeeper delta=4m11s416ms340µs900ns).
2026-05-06 16:04:39.663 [AsyncResolver-bootstrap-executor-%d] INFO  [] c.n.d.s.r.aws.ConfigClusterResolver - Resolving eureka endpoints via configuration
2026-05-06 16:09:39.677 [AsyncResolver-bootstrap-executor-%d] INFO  [] c.n.d.s.r.aws.ConfigClusterResolver - Resolving eureka endpoints via configuration
2026-05-06 16:14:39.687 [AsyncResolver-bootstrap-executor-%d] INFO  [] c.n.d.s.r.aws.ConfigClusterResolver - Resolving eureka endpoints via configuration
2026-05-06 16:19:39.698 [AsyncResolver-bootstrap-executor-%d] INFO  [] c.n.d.s.r.aws.ConfigClusterResolver - Resolving eureka endpoints via configuration
2026-05-06 17:01:39.909 [TransactionHikariPool housekeeper] WARN  [] com.zaxxer.hikari.pool.HikariPool - TransactionHikariPool - Thread starvation or clock leap detected (housekeeper delta=40m30s224ms629µs700ns).
2026-05-06 17:02:10.482 [SpringApplicationShutdownHook] INFO  [] o.s.c.n.e.s.EurekaServiceRegistry - Unregistering application TRANSACTION-SERVICE with eureka with status DOWN
2026-05-06 17:02:10.487 [SpringApplicationShutdownHook] INFO  [] c.netflix.discovery.DiscoveryClient - Saw local status change event StatusChangeEvent [timestamp=1778067130487, current=DOWN, previous=UP]
2026-05-06 17:02:10.493 [DiscoveryClient-InstanceInfoReplicator-%d] INFO  [] c.netflix.discovery.DiscoveryClient - DiscoveryClient_TRANSACTION-SERVICE/Transaction-service:8082: registering service...
2026-05-06 17:02:10.663 [DiscoveryClient-InstanceInfoReplicator-%d] INFO  [] c.netflix.discovery.DiscoveryClient - DiscoveryClient_TRANSACTION-SERVICE/Transaction-service:8082 - registration status: 204
2026-05-06 17:02:11.008 [SpringApplicationShutdownHook] INFO  [] o.s.b.w.e.tomcat.GracefulShutdown - Commencing graceful shutdown. Waiting for active requests to complete
2026-05-06 17:02:11.568 [tomcat-shutdown] INFO  [] o.s.b.w.e.tomcat.GracefulShutdown - Graceful shutdown complete
2026-05-06 17:02:11.817 [SpringApplicationShutdownHook] INFO  [] o.s.o.j.LocalContainerEntityManagerFactoryBean - Closing JPA EntityManagerFactory for persistence unit 'default'
2026-05-06 17:02:12.372 [SpringApplicationShutdownHook] INFO  [] com.zaxxer.hikari.HikariDataSource - TransactionHikariPool - Shutdown initiated...
2026-05-06 17:02:12.454 [SpringApplicationShutdownHook] INFO  [] com.zaxxer.hikari.HikariDataSource - TransactionHikariPool - Shutdown completed.
2026-05-06 17:02:12.465 [SpringApplicationShutdownHook] INFO  [] c.netflix.discovery.DiscoveryClient - Shutting down DiscoveryClient ...
2026-05-06 17:02:15.482 [SpringApplicationShutdownHook] INFO  [] c.netflix.discovery.DiscoveryClient - Unregistering ...
2026-05-06 17:02:16.068 [SpringApplicationShutdownHook] INFO  [] c.n.d.s.t.d.RedirectingEurekaHttpClient - Request execution error. endpoint=DefaultEndpoint{ serviceUrl='http://localhost:8761/eureka/} exception=I/O error on DELETE request for "http://localhost:8761/eureka/apps/TRANSACTION-SERVICE/Transaction-service:8082": Connect to http://localhost:8761 [localhost/127.0.0.1, localhost/0:0:0:0:0:0:0:1] failed: Connection refused: no further information stacktrace=org.springframework.web.client.ResourceAccessException: I/O error on DELETE request for "http://localhost:8761/eureka/apps/TRANSACTION-SERVICE/Transaction-service:8082": Connect to http://localhost:8761 [localhost/127.0.0.1, localhost/0:0:0:0:0:0:0:1] failed: Connection refused: no further information
	at org.springframework.web.client.RestTemplate.createResourceAccessException(RestTemplate.java:926)
	at org.springframework.web.client.RestTemplate.doExecute(RestTemplate.java:906)
	at org.springframework.web.client.RestTemplate.execute(RestTemplate.java:841)
	at org.springframework.web.client.RestTemplate.exchange(RestTemplate.java:702)
	at org.springframework.cloud.netflix.eureka.http.RestTemplateEurekaHttpClient.cancel(RestTemplateEurekaHttpClient.java:100)
	at com.netflix.discovery.shared.transport.decorator.EurekaHttpClientDecorator$2.execute(EurekaHttpClientDecorator.java:74)
	at com.netflix.discovery.shared.transport.decorator.RedirectingEurekaHttpClient.execute(RedirectingEurekaHttpClient.java:91)
	at com.netflix.discovery.shared.transport.decorator.EurekaHttpClientDecorator.cancel(EurekaHttpClientDecorator.java:71)
	at com.netflix.discovery.shared.transport.decorator.EurekaHttpClientDecorator$2.execute(EurekaHttpClientDecorator.java:74)
	at com.netflix.discovery.shared.transport.decorator.RetryableEurekaHttpClient.execute(RetryableEurekaHttpClient.java:120)
	at com.netflix.discovery.shared.transport.decorator.EurekaHttpClientDecorator.cancel(EurekaHttpClientDecorator.java:71)
	at com.netflix.discovery.shared.transport.decorator.EurekaHttpClientDecorator$2.execute(EurekaHttpClientDecorator.java:74)
	at com.netflix.discovery.shared.transport.decorator.SessionedEurekaHttpClient.execute(SessionedEurekaHttpClient.java:76)
	at com.netflix.discovery.shared.transport.decorator.EurekaHttpClientDecorator.cancel(EurekaHttpClientDecorator.java:71)
	at com.netflix.discovery.DiscoveryClient.unregister(DiscoveryClient.java:919)
	at com.netflix.discovery.DiscoveryClient.shutdown(DiscoveryClient.java:900)
	at java.base/jdk.internal.reflect.DirectMethodHandleAccessor.invoke(DirectMethodHandleAccessor.java:103)
	at java.base/java.lang.reflect.Method.invoke(Method.java:580)
	at org.springframework.beans.factory.annotation.InitDestroyAnnotationBeanPostProcessor$LifecycleMethod.invoke(InitDestroyAnnotationBeanPostProcessor.java:457)
	at org.springframework.beans.factory.annotation.InitDestroyAnnotationBeanPostProcessor$LifecycleMetadata.invokeDestroyMethods(InitDestroyAnnotationBeanPostProcessor.java:415)
	at org.springframework.beans.factory.annotation.InitDestroyAnnotationBeanPostProcessor.postProcessBeforeDestruction(InitDestroyAnnotationBeanPostProcessor.java:239)
	at org.springframework.beans.factory.support.DisposableBeanAdapter.destroy(DisposableBeanAdapter.java:202)
	at org.springframework.beans.factory.support.DisposableBeanAdapter.run(DisposableBeanAdapter.java:195)
	at org.springframework.cloud.context.scope.GenericScope$BeanLifecycleWrapper.destroy(GenericScope.java:389)
	at org.springframework.cloud.context.scope.GenericScope.destroy(GenericScope.java:136)
	at org.springframework.beans.factory.support.DisposableBeanAdapter.destroy(DisposableBeanAdapter.java:211)
	at org.springframework.beans.factory.support.DefaultSingletonBeanRegistry.destroyBean(DefaultSingletonBeanRegistry.java:668)
	at org.springframework.beans.factory.support.DefaultSingletonBeanRegistry.destroySingleton(DefaultSingletonBeanRegistry.java:625)
	at org.springframework.beans.factory.support.DefaultListableBeanFactory.destroySingleton(DefaultListableBeanFactory.java:1368)
	at org.springframework.beans.factory.support.DefaultSingletonBeanRegistry.destroySingletons(DefaultSingletonBeanRegistry.java:584)
	at org.springframework.beans.factory.support.DefaultListableBeanFactory.destroySingletons(DefaultListableBeanFactory.java:1361)
	at org.springframework.context.support.AbstractApplicationContext.destroyBeans(AbstractApplicationContext.java:1219)
	at org.springframework.context.support.AbstractApplicationContext.doClose(AbstractApplicationContext.java:1180)
	at org.springframework.boot.web.servlet.context.ServletWebServerApplicationContext.doClose(ServletWebServerApplicationContext.java:174)
	at org.springframework.context.support.AbstractApplicationContext.close(AbstractApplicationContext.java:1126)
	at org.springframework.boot.SpringApplicationShutdownHook.closeAndWait(SpringApplicationShutdownHook.java:147)
	at java.base/java.lang.Iterable.forEach(Iterable.java:75)
	at org.springframework.boot.SpringApplicationShutdownHook.run(SpringApplicationShutdownHook.java:116)
	at java.base/java.lang.Thread.run(Thread.java:1583)
Caused by: org.apache.hc.client5.http.HttpHostConnectException: Connect to http://localhost:8761 [localhost/127.0.0.1, localhost/0:0:0:0:0:0:0:1] failed: Connection refused: no further information
	at java.base/sun.nio.ch.Net.pollConnect(Native Method)
	at java.base/sun.nio.ch.Net.pollConnectNow(Net.java:682)
	at java.base/sun.nio.ch.NioSocketImpl.timedFinishConnect(NioSocketImpl.java:542)
	at java.base/sun.nio.ch.NioSocketImpl.connect(NioSocketImpl.java:592)
	at java.base/java.net.SocksSocketImpl.connect(SocksSocketImpl.java:327)
	at java.base/java.net.Socket.connect(Socket.java:751)
	at org.apache.hc.client5.http.impl.io.DefaultHttpClientConnectionOperator.connect(DefaultHttpClientConnectionOperator.java:216)
	at org.apache.hc.client5.http.impl.io.PoolingHttpClientConnectionManager.connect(PoolingHttpClientConnectionManager.java:490)
	at org.apache.hc.client5.http.impl.classic.InternalExecRuntime.connectEndpoint(InternalExecRuntime.java:164)
	at org.apache.hc.client5.http.impl.classic.InternalExecRuntime.connectEndpoint(InternalExecRuntime.java:174)
	at org.apache.hc.client5.http.impl.classic.ConnectExec.execute(ConnectExec.java:144)
	at org.apache.hc.client5.http.impl.classic.ExecChainElement.execute(ExecChainElement.java:51)
	at org.apache.hc.client5.http.impl.classic.ProtocolExec.execute(ProtocolExec.java:192)
	at org.apache.hc.client5.http.impl.classic.ExecChainElement.execute(ExecChainElement.java:51)
	at org.apache.hc.client5.http.impl.classic.ContentCompressionExec.execute(ContentCompressionExec.java:150)
	at org.apache.hc.client5.http.impl.classic.ExecChainElement.execute(ExecChainElement.java:51)
	at org.apache.hc.client5.http.impl.classic.HttpRequestRetryExec.execute(HttpRequestRetryExec.java:113)
	at org.apache.hc.client5.http.impl.classic.ExecChainElement.execute(ExecChainElement.java:51)
	at org.apache.hc.client5.http.impl.classic.RedirectExec.execute(RedirectExec.java:110)
	at org.apache.hc.client5.http.impl.classic.ExecChainElement.execute(ExecChainElement.java:51)
	at org.apache.hc.client5.http.impl.classic.InternalHttpClient.doExecute(InternalHttpClient.java:174)
	at org.apache.hc.client5.http.impl.classic.CloseableHttpClient.execute(CloseableHttpClient.java:87)
	at org.apache.hc.client5.http.impl.classic.CloseableHttpClient.execute(CloseableHttpClient.java:55)
	at org.apache.hc.client5.http.classic.HttpClient.executeOpen(HttpClient.java:183)
	at org.springframework.http.client.HttpComponentsClientHttpRequest.executeInternal(HttpComponentsClientHttpRequest.java:99)
	at org.springframework.http.client.AbstractStreamingClientHttpRequest.executeInternal(AbstractStreamingClientHttpRequest.java:71)
	at org.springframework.http.client.AbstractClientHttpRequest.execute(AbstractClientHttpRequest.java:81)
	at org.springframework.http.client.InterceptingClientHttpRequest$InterceptingRequestExecution.execute(InterceptingClientHttpRequest.java:117)
	at org.springframework.cloud.netflix.eureka.http.RestTemplateTransportClientFactory.lambda$restTemplate$2(RestTemplateTransportClientFactory.java:145)
	at org.springframework.http.client.InterceptingClientHttpRequest$InterceptingRequestExecution.execute(InterceptingClientHttpRequest.java:88)
	at org.springframework.http.client.InterceptingClientHttpRequest.executeInternal(InterceptingClientHttpRequest.java:72)
	at org.springframework.http.client.AbstractBufferingClientHttpRequest.executeInternal(AbstractBufferingClientHttpRequest.java:48)
	at org.springframework.http.client.AbstractClientHttpRequest.execute(AbstractClientHttpRequest.java:81)
	at org.springframework.web.client.RestTemplate.doExecute(RestTemplate.java:900)
	... 37 more

2026-05-06 17:02:16.070 [SpringApplicationShutdownHook] WARN  [] c.n.d.s.t.d.RetryableEurekaHttpClient - Request execution failed with message: I/O error on DELETE request for "http://localhost:8761/eureka/apps/TRANSACTION-SERVICE/Transaction-service:8082": Connect to http://localhost:8761 [localhost/127.0.0.1, localhost/0:0:0:0:0:0:0:1] failed: Connection refused: no further information
2026-05-06 17:02:16.110 [SpringApplicationShutdownHook] INFO  [] c.n.d.s.t.d.RedirectingEurekaHttpClient - Request execution error. endpoint=DefaultEndpoint{ serviceUrl='http://localhost:8761/eureka/}, exception=I/O error on DELETE request for "http://localhost:8761/eureka/apps/TRANSACTION-SERVICE/Transaction-service:8082": Connect to http://localhost:8761 [localhost/127.0.0.1, localhost/0:0:0:0:0:0:0:1] failed: Connection refused: no further information stacktrace=org.springframework.web.client.ResourceAccessException: I/O error on DELETE request for "http://localhost:8761/eureka/apps/TRANSACTION-SERVICE/Transaction-service:8082": Connect to http://localhost:8761 [localhost/127.0.0.1, localhost/0:0:0:0:0:0:0:1] failed: Connection refused: no further information
	at org.springframework.web.client.RestTemplate.createResourceAccessException(RestTemplate.java:926)
	at org.springframework.web.client.RestTemplate.doExecute(RestTemplate.java:906)
	at org.springframework.web.client.RestTemplate.execute(RestTemplate.java:841)
	at org.springframework.web.client.RestTemplate.exchange(RestTemplate.java:702)
	at org.springframework.cloud.netflix.eureka.http.RestTemplateEurekaHttpClient.cancel(RestTemplateEurekaHttpClient.java:100)
	at com.netflix.discovery.shared.transport.decorator.EurekaHttpClientDecorator$2.execute(EurekaHttpClientDecorator.java:74)
	at com.netflix.discovery.shared.transport.decorator.RedirectingEurekaHttpClient.executeOnNewServer(RedirectingEurekaHttpClient.java:121)
	at com.netflix.discovery.shared.transport.decorator.RedirectingEurekaHttpClient.execute(RedirectingEurekaHttpClient.java:80)
	at com.netflix.discovery.shared.transport.decorator.EurekaHttpClientDecorator.cancel(EurekaHttpClientDecorator.java:71)
	at com.netflix.discovery.shared.transport.decorator.EurekaHttpClientDecorator$2.execute(EurekaHttpClientDecorator.java:74)
	at com.netflix.discovery.shared.transport.decorator.RetryableEurekaHttpClient.execute(RetryableEurekaHttpClient.java:120)
	at com.netflix.discovery.shared.transport.decorator.EurekaHttpClientDecorator.cancel(EurekaHttpClientDecorator.java:71)
	at com.netflix.discovery.shared.transport.decorator.EurekaHttpClientDecorator$2.execute(EurekaHttpClientDecorator.java:74)
	at com.netflix.discovery.shared.transport.decorator.SessionedEurekaHttpClient.execute(SessionedEurekaHttpClient.java:76)
	at com.netflix.discovery.shared.transport.decorator.EurekaHttpClientDecorator.cancel(EurekaHttpClientDecorator.java:71)
	at com.netflix.discovery.DiscoveryClient.unregister(DiscoveryClient.java:919)
	at com.netflix.discovery.DiscoveryClient.shutdown(DiscoveryClient.java:900)
	at java.base/jdk.internal.reflect.DirectMethodHandleAccessor.invoke(DirectMethodHandleAccessor.java:103)
	at java.base/java.lang.reflect.Method.invoke(Method.java:580)
	at org.springframework.beans.factory.annotation.InitDestroyAnnotationBeanPostProcessor$LifecycleMethod.invoke(InitDestroyAnnotationBeanPostProcessor.java:457)
	at org.springframework.beans.factory.annotation.InitDestroyAnnotationBeanPostProcessor$LifecycleMetadata.invokeDestroyMethods(InitDestroyAnnotationBeanPostProcessor.java:415)
	at org.springframework.beans.factory.annotation.InitDestroyAnnotationBeanPostProcessor.postProcessBeforeDestruction(InitDestroyAnnotationBeanPostProcessor.java:239)
	at org.springframework.beans.factory.support.DisposableBeanAdapter.destroy(DisposableBeanAdapter.java:202)
	at org.springframework.beans.factory.support.DisposableBeanAdapter.run(DisposableBeanAdapter.java:195)
	at org.springframework.cloud.context.scope.GenericScope$BeanLifecycleWrapper.destroy(GenericScope.java:389)
	at org.springframework.cloud.context.scope.GenericScope.destroy(GenericScope.java:136)
	at org.springframework.beans.factory.support.DisposableBeanAdapter.destroy(DisposableBeanAdapter.java:211)
	at org.springframework.beans.factory.support.DefaultSingletonBeanRegistry.destroyBean(DefaultSingletonBeanRegistry.java:668)
	at org.springframework.beans.factory.support.DefaultSingletonBeanRegistry.destroySingleton(DefaultSingletonBeanRegistry.java:625)
	at org.springframework.beans.factory.support.DefaultListableBeanFactory.destroySingleton(DefaultListableBeanFactory.java:1368)
	at org.springframework.beans.factory.support.DefaultSingletonBeanRegistry.destroySingletons(DefaultSingletonBeanRegistry.java:584)
	at org.springframework.beans.factory.support.DefaultListableBeanFactory.destroySingletons(DefaultListableBeanFactory.java:1361)
	at org.springframework.context.support.AbstractApplicationContext.destroyBeans(AbstractApplicationContext.java:1219)
	at org.springframework.context.support.AbstractApplicationContext.doClose(AbstractApplicationContext.java:1180)
	at org.springframework.boot.web.servlet.context.ServletWebServerApplicationContext.doClose(ServletWebServerApplicationContext.java:174)
	at org.springframework.context.support.AbstractApplicationContext.close(AbstractApplicationContext.java:1126)
	at org.springframework.boot.SpringApplicationShutdownHook.closeAndWait(SpringApplicationShutdownHook.java:147)
	at java.base/java.lang.Iterable.forEach(Iterable.java:75)
	at org.springframework.boot.SpringApplicationShutdownHook.run(SpringApplicationShutdownHook.java:116)
	at java.base/java.lang.Thread.run(Thread.java:1583)
Caused by: org.apache.hc.client5.http.HttpHostConnectException: Connect to http://localhost:8761 [localhost/127.0.0.1, localhost/0:0:0:0:0:0:0:1] failed: Connection refused: no further information
	at java.base/sun.nio.ch.Net.pollConnect(Native Method)
	at java.base/sun.nio.ch.Net.pollConnectNow(Net.java:682)
	at java.base/sun.nio.ch.NioSocketImpl.timedFinishConnect(NioSocketImpl.java:542)
	at java.base/sun.nio.ch.NioSocketImpl.connect(NioSocketImpl.java:592)
	at java.base/java.net.SocksSocketImpl.connect(SocksSocketImpl.java:327)
	at java.base/java.net.Socket.connect(Socket.java:751)
	at org.apache.hc.client5.http.impl.io.DefaultHttpClientConnectionOperator.connect(DefaultHttpClientConnectionOperator.java:216)
	at org.apache.hc.client5.http.impl.io.PoolingHttpClientConnectionManager.connect(PoolingHttpClientConnectionManager.java:490)
	at org.apache.hc.client5.http.impl.classic.InternalExecRuntime.connectEndpoint(InternalExecRuntime.java:164)
	at org.apache.hc.client5.http.impl.classic.InternalExecRuntime.connectEndpoint(InternalExecRuntime.java:174)
	at org.apache.hc.client5.http.impl.classic.ConnectExec.execute(ConnectExec.java:144)
	at org.apache.hc.client5.http.impl.classic.ExecChainElement.execute(ExecChainElement.java:51)
	at org.apache.hc.client5.http.impl.classic.ProtocolExec.execute(ProtocolExec.java:192)
	at org.apache.hc.client5.http.impl.classic.ExecChainElement.execute(ExecChainElement.java:51)
	at org.apache.hc.client5.http.impl.classic.ContentCompressionExec.execute(ContentCompressionExec.java:150)
	at org.apache.hc.client5.http.impl.classic.ExecChainElement.execute(ExecChainElement.java:51)
	at org.apache.hc.client5.http.impl.classic.HttpRequestRetryExec.execute(HttpRequestRetryExec.java:113)
	at org.apache.hc.client5.http.impl.classic.ExecChainElement.execute(ExecChainElement.java:51)
	at org.apache.hc.client5.http.impl.classic.RedirectExec.execute(RedirectExec.java:110)
	at org.apache.hc.client5.http.impl.classic.ExecChainElement.execute(ExecChainElement.java:51)
	at org.apache.hc.client5.http.impl.classic.InternalHttpClient.doExecute(InternalHttpClient.java:174)
	at org.apache.hc.client5.http.impl.classic.CloseableHttpClient.execute(CloseableHttpClient.java:87)
	at org.apache.hc.client5.http.impl.classic.CloseableHttpClient.execute(CloseableHttpClient.java:55)
	at org.apache.hc.client5.http.classic.HttpClient.executeOpen(HttpClient.java:183)
	at org.springframework.http.client.HttpComponentsClientHttpRequest.executeInternal(HttpComponentsClientHttpRequest.java:99)
	at org.springframework.http.client.AbstractStreamingClientHttpRequest.executeInternal(AbstractStreamingClientHttpRequest.java:71)
	at org.springframework.http.client.AbstractClientHttpRequest.execute(AbstractClientHttpRequest.java:81)
	at org.springframework.http.client.InterceptingClientHttpRequest$InterceptingRequestExecution.execute(InterceptingClientHttpRequest.java:117)
	at org.springframework.cloud.netflix.eureka.http.RestTemplateTransportClientFactory.lambda$restTemplate$2(RestTemplateTransportClientFactory.java:145)
	at org.springframework.http.client.InterceptingClientHttpRequest$InterceptingRequestExecution.execute(InterceptingClientHttpRequest.java:88)
	at org.springframework.http.client.InterceptingClientHttpRequest.executeInternal(InterceptingClientHttpRequest.java:72)
	at org.springframework.http.client.AbstractBufferingClientHttpRequest.executeInternal(AbstractBufferingClientHttpRequest.java:48)
	at org.springframework.http.client.AbstractClientHttpRequest.execute(AbstractClientHttpRequest.java:81)
	at org.springframework.web.client.RestTemplate.doExecute(RestTemplate.java:900)
	... 38 more

2026-05-06 17:02:16.112 [SpringApplicationShutdownHook] WARN  [] c.n.d.s.t.d.RetryableEurekaHttpClient - Request execution failed with message: I/O error on DELETE request for "http://localhost:8761/eureka/apps/TRANSACTION-SERVICE/Transaction-service:8082": Connect to http://localhost:8761 [localhost/127.0.0.1, localhost/0:0:0:0:0:0:0:1] failed: Connection refused: no further information
2026-05-06 17:02:16.113 [SpringApplicationShutdownHook] ERROR [] c.netflix.discovery.DiscoveryClient - DiscoveryClient_TRANSACTION-SERVICE/Transaction-service:8082 - de-registration failedCannot execute request on any known server
com.netflix.discovery.shared.transport.TransportException: Cannot execute request on any known server
	at com.netflix.discovery.shared.transport.decorator.RetryableEurekaHttpClient.execute(RetryableEurekaHttpClient.java:112)
	at com.netflix.discovery.shared.transport.decorator.EurekaHttpClientDecorator.cancel(EurekaHttpClientDecorator.java:71)
	at com.netflix.discovery.shared.transport.decorator.EurekaHttpClientDecorator$2.execute(EurekaHttpClientDecorator.java:74)
	at com.netflix.discovery.shared.transport.decorator.SessionedEurekaHttpClient.execute(SessionedEurekaHttpClient.java:76)
	at com.netflix.discovery.shared.transport.decorator.EurekaHttpClientDecorator.cancel(EurekaHttpClientDecorator.java:71)
	at com.netflix.discovery.DiscoveryClient.unregister(DiscoveryClient.java:919)
	at com.netflix.discovery.DiscoveryClient.shutdown(DiscoveryClient.java:900)
	at java.base/jdk.internal.reflect.DirectMethodHandleAccessor.invoke(DirectMethodHandleAccessor.java:103)
	at java.base/java.lang.reflect.Method.invoke(Method.java:580)
	at org.springframework.beans.factory.annotation.InitDestroyAnnotationBeanPostProcessor$LifecycleMethod.invoke(InitDestroyAnnotationBeanPostProcessor.java:457)
	at org.springframework.beans.factory.annotation.InitDestroyAnnotationBeanPostProcessor$LifecycleMetadata.invokeDestroyMethods(InitDestroyAnnotationBeanPostProcessor.java:415)
	at org.springframework.beans.factory.annotation.InitDestroyAnnotationBeanPostProcessor.postProcessBeforeDestruction(InitDestroyAnnotationBeanPostProcessor.java:239)
	at org.springframework.beans.factory.support.DisposableBeanAdapter.destroy(DisposableBeanAdapter.java:202)
	at org.springframework.beans.factory.support.DisposableBeanAdapter.run(DisposableBeanAdapter.java:195)
	at org.springframework.cloud.context.scope.GenericScope$BeanLifecycleWrapper.destroy(GenericScope.java:389)
	at org.springframework.cloud.context.scope.GenericScope.destroy(GenericScope.java:136)
	at org.springframework.beans.factory.support.DisposableBeanAdapter.destroy(DisposableBeanAdapter.java:211)
	at org.springframework.beans.factory.support.DefaultSingletonBeanRegistry.destroyBean(DefaultSingletonBeanRegistry.java:668)
	at org.springframework.beans.factory.support.DefaultSingletonBeanRegistry.destroySingleton(DefaultSingletonBeanRegistry.java:625)
	at org.springframework.beans.factory.support.DefaultListableBeanFactory.destroySingleton(DefaultListableBeanFactory.java:1368)
	at org.springframework.beans.factory.support.DefaultSingletonBeanRegistry.destroySingletons(DefaultSingletonBeanRegistry.java:584)
	at org.springframework.beans.factory.support.DefaultListableBeanFactory.destroySingletons(DefaultListableBeanFactory.java:1361)
	at org.springframework.context.support.AbstractApplicationContext.destroyBeans(AbstractApplicationContext.java:1219)
	at org.springframework.context.support.AbstractApplicationContext.doClose(AbstractApplicationContext.java:1180)
	at org.springframework.boot.web.servlet.context.ServletWebServerApplicationContext.doClose(ServletWebServerApplicationContext.java:174)
	at org.springframework.context.support.AbstractApplicationContext.close(AbstractApplicationContext.java:1126)
	at org.springframework.boot.SpringApplicationShutdownHook.closeAndWait(SpringApplicationShutdownHook.java:147)
	at java.base/java.lang.Iterable.forEach(Iterable.java:75)
	at org.springframework.boot.SpringApplicationShutdownHook.run(SpringApplicationShutdownHook.java:116)
	at java.base/java.lang.Thread.run(Thread.java:1583)
2026-05-06 17:02:16.299 [SpringApplicationShutdownHook] INFO  [] c.netflix.discovery.DiscoveryClient - Completed shut down of DiscoveryClient
